<?xml version="1.0" encoding="UTF-8"?>
<!-- Generated by org.testng.reporters.JUnitReportReporter -->
<testsuite skipped="0" hostname="Ahmad" name="Swiggytrial.test.SwiggyTest1" tests="1" failures="0" timestamp="2022-01-31T18:39:36 GST" time="74.878" errors="0">
  <testcase name="test1" time="74.878" classname="Swiggytrial.test.SwiggyTest1"/>
  <system-out/>
</testsuite> <!-- Swiggytrial.test.SwiggyTest1 -->
